<?xml version="1.0" encoding="UTF-8"?>
<coverage generated="1643406214561" clover="3.2.0">
  <project timestamp="1643406214561" name="All files">
    <metrics statements="244" coveredstatements="171" conditionals="95" coveredconditionals="51" methods="34" coveredmethods="27" elements="373" coveredelements="249" complexity="0" loc="244" ncloc="244" packages="1" files="7" classes="7"/>
    <file name="collection.ts" path="C:\Users\echaulk\Desktop\cdk-project\functions\collection.ts">
      <metrics statements="33" coveredstatements="30" conditionals="26" coveredconditionals="20" methods="7" coveredmethods="7"/>
      <line num="1" count="2" type="stmt"/>
      <line num="2" count="2" type="stmt"/>
      <line num="3" count="2" type="stmt"/>
      <line num="11" count="2" type="stmt"/>
      <line num="12" count="2" type="cond" truecount="1" falsecount="1"/>
      <line num="15" count="2" type="stmt"/>
      <line num="16" count="2" type="stmt"/>
      <line num="18" count="2" type="stmt"/>
      <line num="25" count="14" type="stmt"/>
      <line num="28" count="14" type="stmt"/>
      <line num="32" count="4" type="stmt"/>
      <line num="43" count="4" type="stmt"/>
      <line num="44" count="4" type="stmt"/>
      <line num="45" count="4" type="stmt"/>
      <line num="46" count="4" type="stmt"/>
      <line num="48" count="0" type="stmt"/>
      <line num="53" count="8" type="stmt"/>
      <line num="54" count="8" type="cond" truecount="4" falsecount="0"/>
      <line num="55" count="5" type="cond" truecount="1" falsecount="0"/>
      <line num="56" count="3" type="stmt"/>
      <line num="59" count="8" type="stmt"/>
      <line num="63" count="5" type="cond" truecount="0" falsecount="1"/>
      <line num="64" count="0" type="stmt"/>
      <line num="65" count="5" type="cond" truecount="1" falsecount="0"/>
      <line num="66" count="4" type="stmt"/>
      <line num="67" count="5" type="stmt"/>
      <line num="71" count="2" type="cond" truecount="0" falsecount="1"/>
      <line num="72" count="0" type="stmt"/>
      <line num="74" count="2" type="cond" truecount="3" falsecount="1"/>
      <line num="75" count="3" type="cond" truecount="1" falsecount="0"/>
      <line num="76" count="2" type="cond" truecount="3" falsecount="1"/>
      <line num="77" count="2" type="cond" truecount="1" falsecount="0"/>
      <line num="78" count="1" type="cond" truecount="3" falsecount="1"/>
    </file>
    <file name="collectionErrorHandler.ts" path="C:\Users\echaulk\Desktop\cdk-project\functions\collectionErrorHandler.ts">
      <metrics statements="4" coveredstatements="4" conditionals="0" coveredconditionals="0" methods="1" coveredmethods="1"/>
      <line num="1" count="2" type="stmt"/>
      <line num="6" count="1" type="stmt"/>
      <line num="7" count="1" type="stmt"/>
      <line num="8" count="1" type="stmt"/>
    </file>
    <file name="collectionManager.ts" path="C:\Users\echaulk\Desktop\cdk-project\functions\collectionManager.ts">
      <metrics statements="43" coveredstatements="32" conditionals="11" coveredconditionals="6" methods="4" coveredmethods="4"/>
      <line num="1" count="2" type="stmt"/>
      <line num="2" count="2" type="stmt"/>
      <line num="3" count="2" type="stmt"/>
      <line num="11" count="2" type="stmt"/>
      <line num="12" count="2" type="cond" truecount="1" falsecount="1"/>
      <line num="14" count="2" type="stmt"/>
      <line num="15" count="2" type="stmt"/>
      <line num="17" count="2" type="stmt"/>
      <line num="18" count="7" type="stmt"/>
      <line num="19" count="7" type="stmt"/>
      <line num="29" count="7" type="stmt"/>
      <line num="30" count="7" type="stmt"/>
      <line num="31" count="7" type="stmt"/>
      <line num="32" count="7" type="stmt"/>
      <line num="36" count="0" type="cond" truecount="0" falsecount="1"/>
      <line num="37" count="0" type="stmt"/>
      <line num="39" count="0" type="stmt"/>
      <line num="43" count="2" type="stmt"/>
      <line num="44" count="1" type="stmt"/>
      <line num="45" count="1" type="stmt"/>
      <line num="46" count="1" type="stmt"/>
      <line num="64" count="1" type="stmt"/>
      <line num="65" count="1" type="stmt"/>
      <line num="66" count="1" type="stmt"/>
      <line num="67" count="1" type="stmt"/>
      <line num="69" count="0" type="stmt"/>
      <line num="71" count="0" type="cond" truecount="0" falsecount="1"/>
      <line num="72" count="0" type="stmt"/>
      <line num="74" count="0" type="stmt"/>
      <line num="78" count="2" type="stmt"/>
      <line num="79" count="1" type="stmt"/>
      <line num="80" count="1" type="stmt"/>
      <line num="98" count="1" type="stmt"/>
      <line num="99" count="1" type="stmt"/>
      <line num="100" count="1" type="stmt"/>
      <line num="101" count="1" type="stmt"/>
      <line num="103" count="0" type="stmt"/>
      <line num="105" count="0" type="cond" truecount="0" falsecount="1"/>
      <line num="106" count="0" type="stmt"/>
      <line num="108" count="0" type="stmt"/>
      <line num="118" count="2" type="stmt"/>
      <line num="119" count="7" type="cond" truecount="3" falsecount="1"/>
      <line num="120" count="7" type="stmt"/>
    </file>
    <file name="game.ts" path="C:\Users\echaulk\Desktop\cdk-project\functions\game.ts">
      <metrics statements="15" coveredstatements="15" conditionals="4" coveredconditionals="3" methods="2" coveredmethods="2"/>
      <line num="1" count="2" type="stmt"/>
      <line num="2" count="2" type="stmt"/>
      <line num="3" count="2" type="stmt"/>
      <line num="11" count="2" type="stmt"/>
      <line num="12" count="2" type="cond" truecount="1" falsecount="1"/>
      <line num="13" count="2" type="stmt"/>
      <line num="14" count="2" type="stmt"/>
      <line num="16" count="2" type="stmt"/>
      <line num="28" count="34" type="stmt"/>
      <line num="38" count="4" type="stmt"/>
      <line num="52" count="4" type="stmt"/>
      <line num="53" count="4" type="stmt"/>
      <line num="54" count="3" type="stmt"/>
      <line num="55" count="3" type="stmt"/>
      <line num="57" count="1" type="stmt"/>
    </file>
    <file name="gameErrorHandler.ts" path="C:\Users\echaulk\Desktop\cdk-project\functions\gameErrorHandler.ts">
      <metrics statements="4" coveredstatements="4" conditionals="0" coveredconditionals="0" methods="1" coveredmethods="1"/>
      <line num="1" count="2" type="stmt"/>
      <line num="6" count="4" type="stmt"/>
      <line num="7" count="4" type="stmt"/>
      <line num="8" count="4" type="stmt"/>
    </file>
    <file name="gameManager.ts" path="C:\Users\echaulk\Desktop\cdk-project\functions\gameManager.ts">
      <metrics statements="55" coveredstatements="49" conditionals="28" coveredconditionals="22" methods="6" coveredmethods="6"/>
      <line num="1" count="2" type="stmt"/>
      <line num="2" count="2" type="stmt"/>
      <line num="3" count="2" type="stmt"/>
      <line num="11" count="2" type="stmt"/>
      <line num="12" count="2" type="cond" truecount="1" falsecount="1"/>
      <line num="13" count="2" type="stmt"/>
      <line num="14" count="2" type="stmt"/>
      <line num="16" count="2" type="stmt"/>
      <line num="17" count="7" type="stmt"/>
      <line num="26" count="7" type="stmt"/>
      <line num="27" count="7" type="stmt"/>
      <line num="28" count="7" type="stmt"/>
      <line num="29" count="7" type="stmt"/>
      <line num="33" count="0" type="cond" truecount="0" falsecount="1"/>
      <line num="34" count="0" type="stmt"/>
      <line num="36" count="0" type="stmt"/>
      <line num="40" count="2" type="stmt"/>
      <line num="41" count="1" type="stmt"/>
      <line num="53" count="1" type="stmt"/>
      <line num="54" count="1" type="stmt"/>
      <line num="55" count="1" type="stmt"/>
      <line num="56" count="1" type="stmt"/>
      <line num="57" count="2" type="stmt"/>
      <line num="58" count="2" type="stmt"/>
      <line num="60" count="1" type="stmt"/>
      <line num="62" count="0" type="stmt"/>
      <line num="65" count="2" type="stmt"/>
      <line num="66" count="3" type="stmt"/>
      <line num="67" count="3" type="stmt"/>
      <line num="68" count="3" type="stmt"/>
      <line num="71" count="3" type="stmt"/>
      <line num="72" count="21" type="cond" truecount="5" falsecount="0"/>
      <line num="73" count="12" type="stmt"/>
      <line num="74" count="12" type="stmt"/>
      <line num="75" count="12" type="stmt"/>
      <line num="79" count="3" type="stmt"/>
      <line num="93" count="3" type="stmt"/>
      <line num="94" count="3" type="stmt"/>
      <line num="95" count="2" type="stmt"/>
      <line num="96" count="2" type="stmt"/>
      <line num="98" count="1" type="cond" truecount="1" falsecount="0"/>
      <line num="99" count="1" type="stmt"/>
      <line num="101" count="0" type="stmt"/>
      <line num="105" count="2" type="stmt"/>
      <line num="106" count="3" type="stmt"/>
      <line num="117" count="3" type="stmt"/>
      <line num="118" count="3" type="stmt"/>
      <line num="119" count="2" type="stmt"/>
      <line num="120" count="2" type="stmt"/>
      <line num="122" count="1" type="cond" truecount="1" falsecount="0"/>
      <line num="123" count="1" type="stmt"/>
      <line num="125" count="0" type="stmt"/>
      <line num="151" count="2" type="stmt"/>
      <line num="152" count="12" type="cond" truecount="12" falsecount="4"/>
      <line num="153" count="12" type="stmt"/>
    </file>
    <file name="index.ts" path="C:\Users\echaulk\Desktop\cdk-project\functions\index.ts">
      <metrics statements="90" coveredstatements="37" conditionals="26" coveredconditionals="0" methods="13" coveredmethods="6"/>
      <line num="1" count="1" type="stmt"/>
      <line num="2" count="1" type="stmt"/>
      <line num="3" count="1" type="stmt"/>
      <line num="4" count="1" type="stmt"/>
      <line num="5" count="1" type="stmt"/>
      <line num="7" count="1" type="stmt"/>
      <line num="8" count="0" type="stmt"/>
      <line num="9" count="0" type="cond" truecount="0" falsecount="10"/>
      <line num="11" count="0" type="stmt"/>
      <line num="12" count="0" type="stmt"/>
      <line num="13" count="0" type="stmt"/>
      <line num="14" count="0" type="stmt"/>
      <line num="16" count="0" type="stmt"/>
      <line num="17" count="0" type="stmt"/>
      <line num="18" count="0" type="stmt"/>
      <line num="20" count="0" type="stmt"/>
      <line num="21" count="0" type="stmt"/>
      <line num="22" count="0" type="stmt"/>
      <line num="24" count="0" type="stmt"/>
      <line num="25" count="0" type="stmt"/>
      <line num="26" count="0" type="stmt"/>
      <line num="28" count="0" type="stmt"/>
      <line num="29" count="0" type="stmt"/>
      <line num="30" count="0" type="stmt"/>
      <line num="32" count="0" type="stmt"/>
      <line num="33" count="0" type="stmt"/>
      <line num="34" count="0" type="stmt"/>
      <line num="36" count="0" type="stmt"/>
      <line num="37" count="0" type="stmt"/>
      <line num="39" count="0" type="stmt"/>
      <line num="40" count="0" type="stmt"/>
      <line num="41" count="0" type="stmt"/>
      <line num="43" count="0" type="stmt"/>
      <line num="44" count="0" type="stmt"/>
      <line num="45" count="0" type="stmt"/>
      <line num="47" count="0" type="stmt"/>
      <line num="48" count="0" type="stmt"/>
      <line num="52" count="1" type="stmt"/>
      <line num="53" count="1" type="stmt"/>
      <line num="54" count="1" type="stmt"/>
      <line num="55" count="1" type="stmt"/>
      <line num="57" count="0" type="stmt"/>
      <line num="61" count="1" type="stmt"/>
      <line num="62" count="1" type="stmt"/>
      <line num="63" count="1" type="stmt"/>
      <line num="64" count="1" type="stmt"/>
      <line num="66" count="0" type="stmt"/>
      <line num="70" count="1" type="stmt"/>
      <line num="71" count="2" type="stmt"/>
      <line num="72" count="2" type="stmt"/>
      <line num="73" count="1" type="stmt"/>
      <line num="75" count="1" type="stmt"/>
      <line num="79" count="1" type="stmt"/>
      <line num="80" count="2" type="stmt"/>
      <line num="81" count="2" type="stmt"/>
      <line num="82" count="1" type="stmt"/>
      <line num="84" count="1" type="stmt"/>
      <line num="88" count="1" type="stmt"/>
      <line num="89" count="2" type="stmt"/>
      <line num="90" count="2" type="stmt"/>
      <line num="91" count="1" type="stmt"/>
      <line num="93" count="1" type="stmt"/>
      <line num="97" count="1" type="stmt"/>
      <line num="98" count="0" type="stmt"/>
      <line num="99" count="0" type="stmt"/>
      <line num="100" count="0" type="stmt"/>
      <line num="102" count="0" type="stmt"/>
      <line num="106" count="1" type="stmt"/>
      <line num="107" count="0" type="stmt"/>
      <line num="108" count="0" type="stmt"/>
      <line num="109" count="0" type="stmt"/>
      <line num="111" count="0" type="stmt"/>
      <line num="114" count="1" type="stmt"/>
      <line num="115" count="0" type="stmt"/>
      <line num="116" count="0" type="stmt"/>
      <line num="117" count="0" type="stmt"/>
      <line num="118" count="0" type="stmt"/>
      <line num="120" count="0" type="stmt"/>
      <line num="124" count="1" type="stmt"/>
      <line num="125" count="0" type="stmt"/>
      <line num="126" count="0" type="stmt"/>
      <line num="127" count="0" type="stmt"/>
      <line num="128" count="0" type="stmt"/>
      <line num="130" count="0" type="stmt"/>
      <line num="134" count="1" type="stmt"/>
      <line num="135" count="16" type="stmt"/>
      <line num="144" count="1" type="stmt"/>
      <line num="145" count="0" type="cond" truecount="0" falsecount="16"/>
      <line num="148" count="1" type="stmt"/>
      <line num="149" count="0" type="stmt"/>
    </file>
  </project>
</coverage>
