{"C:\\Users\\echaulk\\Desktop\\cdk-project\\functions\\game.ts": {"path":"C:\\Users\\echaulk\\Desktop\\cdk-project\\functions\\game.ts","statementMap":{"0":{"start":{"line":1,"column":12},"end":{"line":1,"column":30}},"1":{"start":{"line":2,"column":15},"end":{"line":2,"column":41}},"2":{"start":{"line":3,"column":15},"end":{"line":10,"column":2}},"3":{"start":{"line":11,"column":18},"end":{"line":11,"column":57}},"4":{"start":{"line":12,"column":14},"end":{"line":12,"column":92}},"5":{"start":{"line":13,"column":0},"end":{"line":13,"column":47}},"6":{"start":{"line":14,"column":0},"end":{"line":14,"column":40}},"7":{"start":{"line":27,"column":7},"end":{"line":32,"column":null}},"8":{"start":{"line":36,"column":19},"end":{"line":47,"column":null}},"9":{"start":{"line":49,"column":6},"end":{"line":55,"column":null}},"10":{"start":{"line":50,"column":23},"end":{"line":50,"column":60}},"11":{"start":{"line":51,"column":19},"end":{"line":51,"column":38}},"12":{"start":{"line":52,"column":8},"end":{"line":52,"column":20}},"13":{"start":{"line":54,"column":8},"end":{"line":54,"column":57}},"14":{"start":{"line":16,"column":0},"end":{"line":16,"column":13}}},"fnMap":{"0":{"name":"(anonymous_0)","decl":{"start":{"line":26,"column":4},"end":{"line":26,"column":16}},"loc":{"start":{"line":26,"column":119},"end":{"line":33,"column":5}}},"1":{"name":"(anonymous_1)","decl":{"start":{"line":35,"column":4},"end":{"line":35,"column":9}},"loc":{"start":{"line":35,"column":20},"end":{"line":56,"column":5}}}},"branchMap":{"0":{"loc":{"start":{"line":5,"column":6},"end":{"line":9,"column":4}},"type":"binary-expr","locations":[{"start":{"line":5,"column":6},"end":{"line":5,"column":12}},{"start":{"line":5,"column":16},"end":{"line":9,"column":4}}]},"1":{"loc":{"start":{"line":12,"column":14},"end":{"line":12,"column":92}},"type":"cond-expr","locations":[{"start":{"line":12,"column":25},"end":{"line":12,"column":57}},{"start":{"line":12,"column":60},"end":{"line":12,"column":92}}]}},"s":{"0":1,"1":1,"2":1,"3":1,"4":1,"5":1,"6":1,"7":26,"8":4,"9":4,"10":4,"11":3,"12":3,"13":1,"14":1},"f":{"0":26,"1":4},"b":{"0":[1,1],"1":[1,0]}}
,"C:\\Users\\echaulk\\Desktop\\cdk-project\\functions\\gameErrorHandler.ts": {"path":"C:\\Users\\echaulk\\Desktop\\cdk-project\\functions\\gameErrorHandler.ts","statementMap":{"0":{"start":{"line":6,"column":8},"end":{"line":6,"column":16}},"1":{"start":{"line":7,"column":8},"end":{"line":7,"column":68}},"2":{"start":{"line":8,"column":8},"end":{"line":8,"column":37}},"3":{"start":{"line":1,"column":0},"end":{"line":1,"column":13}}},"fnMap":{"0":{"name":"(anonymous_0)","decl":{"start":{"line":5,"column":4},"end":{"line":5,"column":16}},"loc":{"start":{"line":5,"column":49},"end":{"line":9,"column":5}}}},"branchMap":{},"s":{"0":4,"1":4,"2":4,"3":1},"f":{"0":4},"b":{}}
,"C:\\Users\\echaulk\\Desktop\\cdk-project\\functions\\gameManager.ts": {"path":"C:\\Users\\echaulk\\Desktop\\cdk-project\\functions\\gameManager.ts","statementMap":{"0":{"start":{"line":1,"column":12},"end":{"line":1,"column":30}},"1":{"start":{"line":2,"column":15},"end":{"line":2,"column":41}},"2":{"start":{"line":3,"column":15},"end":{"line":10,"column":2}},"3":{"start":{"line":11,"column":18},"end":{"line":11,"column":57}},"4":{"start":{"line":12,"column":14},"end":{"line":12,"column":92}},"5":{"start":{"line":13,"column":0},"end":{"line":13,"column":30}},"6":{"start":{"line":14,"column":0},"end":{"line":14,"column":47}},"7":{"start":{"line":17,"column":17},"end":{"line":24,"column":null}},"8":{"start":{"line":26,"column":4},"end":{"line":37,"column":null}},"9":{"start":{"line":27,"column":21},"end":{"line":27,"column":58}},"10":{"start":{"line":28,"column":17},"end":{"line":28,"column":55}},"11":{"start":{"line":29,"column":6},"end":{"line":29,"column":18}},"12":{"start":{"line":33,"column":6},"end":{"line":35,"column":null}},"13":{"start":{"line":34,"column":8},"end":{"line":34,"column":57}},"14":{"start":{"line":36,"column":6},"end":{"line":36,"column":null}},"15":{"start":{"line":16,"column":1},"end":{"line":16,"column":8}},"16":{"start":{"line":41,"column":17},"end":{"line":50,"column":6}},"17":{"start":{"line":52,"column":4},"end":{"line":62,"column":null}},"18":{"start":{"line":53,"column":21},"end":{"line":53,"column":60}},"19":{"start":{"line":54,"column":21},"end":{"line":54,"column":30}},"20":{"start":{"line":55,"column":6},"end":{"line":58,"column":9}},"21":{"start":{"line":56,"column":27},"end":{"line":56,"column":56}},"22":{"start":{"line":57,"column":8},"end":{"line":57,"column":36}},"23":{"start":{"line":59,"column":6},"end":{"line":59,"column":22}},"24":{"start":{"line":61,"column":6},"end":{"line":61,"column":null}},"25":{"start":{"line":40,"column":2},"end":{"line":40,"column":9}},"26":{"start":{"line":65,"column":37},"end":{"line":65,"column":39}},"27":{"start":{"line":66,"column":35},"end":{"line":66,"column":44}},"28":{"start":{"line":67,"column":36},"end":{"line":67,"column":45}},"29":{"start":{"line":70,"column":4},"end":{"line":76,"column":null}},"30":{"start":{"line":71,"column":6},"end":{"line":75,"column":null}},"31":{"start":{"line":72,"column":8},"end":{"line":72,"column":51}},"32":{"start":{"line":73,"column":8},"end":{"line":73,"column":51}},"33":{"start":{"line":74,"column":8},"end":{"line":74,"column":53}},"34":{"start":{"line":78,"column":17},"end":{"line":90,"column":6}},"35":{"start":{"line":92,"column":4},"end":{"line":98,"column":null}},"36":{"start":{"line":93,"column":21},"end":{"line":93,"column":61}},"37":{"start":{"line":94,"column":25},"end":{"line":94,"column":44}},"38":{"start":{"line":95,"column":6},"end":{"line":95,"column":26}},"39":{"start":{"line":97,"column":6},"end":{"line":97,"column":55}},"40":{"start":{"line":64,"column":2},"end":{"line":64,"column":9}},"41":{"start":{"line":102,"column":17},"end":{"line":111,"column":6}},"42":{"start":{"line":113,"column":4},"end":{"line":119,"column":null}},"43":{"start":{"line":114,"column":21},"end":{"line":114,"column":61}},"44":{"start":{"line":115,"column":17},"end":{"line":115,"column":61}},"45":{"start":{"line":116,"column":6},"end":{"line":116,"column":18}},"46":{"start":{"line":118,"column":6},"end":{"line":118,"column":55}},"47":{"start":{"line":101,"column":2},"end":{"line":101,"column":9}},"48":{"start":{"line":145,"column":15},"end":{"line":145,"column":116}},"49":{"start":{"line":146,"column":4},"end":{"line":146,"column":16}},"50":{"start":{"line":144,"column":2},"end":{"line":144,"column":18}}},"fnMap":{"0":{"name":"getGame","decl":{"start":{"line":16,"column":23},"end":{"line":16,"column":30}},"loc":{"start":{"line":16,"column":41},"end":{"line":38,"column":3}}},"1":{"name":"listGames","decl":{"start":{"line":40,"column":24},"end":{"line":40,"column":33}},"loc":{"start":{"line":40,"column":48},"end":{"line":63,"column":3}}},"2":{"name":"(anonymous_2)","decl":{"start":{"line":55,"column":29},"end":{"line":55,"column":30}},"loc":{"start":{"line":55,"column":53},"end":{"line":58,"column":7}}},"3":{"name":"modifyGame","decl":{"start":{"line":64,"column":24},"end":{"line":64,"column":34}},"loc":{"start":{"line":64,"column":45},"end":{"line":99,"column":3}}},"4":{"name":"deleteGame","decl":{"start":{"line":101,"column":24},"end":{"line":101,"column":34}},"loc":{"start":{"line":101,"column":45},"end":{"line":120,"column":3}}},"5":{"name":"serializeDynamoResponse","decl":{"start":{"line":144,"column":18},"end":{"line":144,"column":41}},"loc":{"start":{"line":144,"column":61},"end":{"line":147,"column":3}}}},"branchMap":{"0":{"loc":{"start":{"line":5,"column":6},"end":{"line":9,"column":4}},"type":"binary-expr","locations":[{"start":{"line":5,"column":6},"end":{"line":5,"column":12}},{"start":{"line":5,"column":16},"end":{"line":9,"column":4}}]},"1":{"loc":{"start":{"line":12,"column":14},"end":{"line":12,"column":92}},"type":"cond-expr","locations":[{"start":{"line":12,"column":25},"end":{"line":12,"column":57}},{"start":{"line":12,"column":60},"end":{"line":12,"column":92}}]},"2":{"loc":{"start":{"line":33,"column":6},"end":{"line":35,"column":null}},"type":"if","locations":[{"start":{"line":33,"column":6},"end":{"line":35,"column":null}}]},"3":{"loc":{"start":{"line":71,"column":6},"end":{"line":75,"column":null}},"type":"if","locations":[{"start":{"line":71,"column":6},"end":{"line":75,"column":null}}]},"4":{"loc":{"start":{"line":71,"column":10},"end":{"line":71,"column":68}},"type":"binary-expr","locations":[{"start":{"line":71,"column":10},"end":{"line":71,"column":25}},{"start":{"line":71,"column":29},"end":{"line":71,"column":46}},{"start":{"line":71,"column":50},"end":{"line":71,"column":68}}]},"5":{"loc":{"start":{"line":145,"column":52},"end":{"line":145,"column":70}},"type":"cond-expr","locations":[{"start":{"line":145,"column":56},"end":{"line":145,"column":58}},{"start":{"line":145,"column":52},"end":{"line":145,"column":70}}]},"6":{"loc":{"start":{"line":145,"column":52},"end":{"line":145,"column":58}},"type":"binary-expr","locations":[{"start":{"line":145,"column":52},"end":{"line":145,"column":58}},{"start":{"line":145,"column":52},"end":{"line":145,"column":58}}]},"7":{"loc":{"start":{"line":145,"column":72},"end":{"line":145,"column":83}},"type":"cond-expr","locations":[{"start":{"line":145,"column":76},"end":{"line":145,"column":78}},{"start":{"line":145,"column":72},"end":{"line":145,"column":83}}]},"8":{"loc":{"start":{"line":145,"column":72},"end":{"line":145,"column":78}},"type":"binary-expr","locations":[{"start":{"line":145,"column":72},"end":{"line":145,"column":78}},{"start":{"line":145,"column":72},"end":{"line":145,"column":78}}]},"9":{"loc":{"start":{"line":145,"column":85},"end":{"line":145,"column":98}},"type":"cond-expr","locations":[{"start":{"line":145,"column":89},"end":{"line":145,"column":91}},{"start":{"line":145,"column":85},"end":{"line":145,"column":98}}]},"10":{"loc":{"start":{"line":145,"column":85},"end":{"line":145,"column":91}},"type":"binary-expr","locations":[{"start":{"line":145,"column":85},"end":{"line":145,"column":91}},{"start":{"line":145,"column":85},"end":{"line":145,"column":91}}]},"11":{"loc":{"start":{"line":145,"column":100},"end":{"line":145,"column":115}},"type":"cond-expr","locations":[{"start":{"line":145,"column":104},"end":{"line":145,"column":106}},{"start":{"line":145,"column":100},"end":{"line":145,"column":115}}]},"12":{"loc":{"start":{"line":145,"column":100},"end":{"line":145,"column":106}},"type":"binary-expr","locations":[{"start":{"line":145,"column":100},"end":{"line":145,"column":106}},{"start":{"line":145,"column":100},"end":{"line":145,"column":106}}]}},"s":{"0":1,"1":1,"2":1,"3":1,"4":1,"5":1,"6":1,"7":7,"8":7,"9":7,"10":7,"11":7,"12":0,"13":0,"14":0,"15":1,"16":1,"17":1,"18":1,"19":1,"20":1,"21":2,"22":2,"23":1,"24":0,"25":1,"26":3,"27":3,"28":3,"29":3,"30":18,"31":12,"32":12,"33":12,"34":3,"35":3,"36":3,"37":2,"38":2,"39":1,"40":1,"41":3,"42":3,"43":3,"44":2,"45":2,"46":1,"47":1,"48":12,"49":12,"50":1},"f":{"0":7,"1":1,"2":2,"3":3,"4":3,"5":12},"b":{"0":[1,1],"1":[1,0],"2":[0],"3":[12],"4":[18,15,12],"5":[0,12],"6":[12,12],"7":[0,12],"8":[12,12],"9":[0,12],"10":[12,12],"11":[0,12],"12":[12,12]}}
,"C:\\Users\\echaulk\\Desktop\\cdk-project\\functions\\index.ts": {"path":"C:\\Users\\echaulk\\Desktop\\cdk-project\\functions\\index.ts","statementMap":{"0":{"start":{"line":1,"column":12},"end":{"line":1,"column":30}},"1":{"start":{"line":2,"column":0},"end":{"line":2,"column":29}},"2":{"start":{"line":3,"column":0},"end":{"line":3,"column":104}},"3":{"start":{"line":5,"column":0},"end":{"line":33,"column":null}},"4":{"start":{"line":6,"column":17},"end":{"line":6,"column":75}},"5":{"start":{"line":7,"column":2},"end":{"line":32,"column":null}},"6":{"start":{"line":9,"column":21},"end":{"line":9,"column":74}},"7":{"start":{"line":10,"column":24},"end":{"line":10,"column":61}},"8":{"start":{"line":11,"column":6},"end":{"line":11,"column":61}},"9":{"start":{"line":12,"column":6},"end":{"line":12,"column":12}},"10":{"start":{"line":14,"column":25},"end":{"line":14,"column":31}},"11":{"start":{"line":15,"column":6},"end":{"line":15,"column":64}},"12":{"start":{"line":16,"column":6},"end":{"line":16,"column":12}},"13":{"start":{"line":18,"column":27},"end":{"line":18,"column":78}},"14":{"start":{"line":19,"column":6},"end":{"line":19,"column":67}},"15":{"start":{"line":20,"column":6},"end":{"line":20,"column":12}},"16":{"start":{"line":22,"column":27},"end":{"line":22,"column":78}},"17":{"start":{"line":23,"column":6},"end":{"line":23,"column":67}},"18":{"start":{"line":24,"column":6},"end":{"line":24,"column":12}},"19":{"start":{"line":26,"column":27},"end":{"line":26,"column":78}},"20":{"start":{"line":27,"column":6},"end":{"line":27,"column":67}},"21":{"start":{"line":28,"column":6},"end":{"line":28,"column":12}},"22":{"start":{"line":30,"column":6},"end":{"line":30,"column":98}},"23":{"start":{"line":31,"column":6},"end":{"line":31,"column":12}},"24":{"start":{"line":36,"column":2},"end":{"line":41,"column":null}},"25":{"start":{"line":37,"column":19},"end":{"line":37,"column":38}},"26":{"start":{"line":38,"column":4},"end":{"line":38,"column":75}},"27":{"start":{"line":40,"column":4},"end":{"line":40,"column":73}},"28":{"start":{"line":35,"column":0},"end":{"line":35,"column":7}},"29":{"start":{"line":45,"column":2},"end":{"line":50,"column":null}},"30":{"start":{"line":46,"column":19},"end":{"line":46,"column":42}},"31":{"start":{"line":47,"column":4},"end":{"line":47,"column":75}},"32":{"start":{"line":49,"column":4},"end":{"line":49,"column":73}},"33":{"start":{"line":44,"column":0},"end":{"line":44,"column":7}},"34":{"start":{"line":54,"column":2},"end":{"line":59,"column":null}},"35":{"start":{"line":55,"column":19},"end":{"line":55,"column":42}},"36":{"start":{"line":56,"column":4},"end":{"line":56,"column":75}},"37":{"start":{"line":58,"column":4},"end":{"line":58,"column":73}},"38":{"start":{"line":53,"column":0},"end":{"line":53,"column":7}},"39":{"start":{"line":63,"column":2},"end":{"line":68,"column":null}},"40":{"start":{"line":64,"column":19},"end":{"line":64,"column":41}},"41":{"start":{"line":65,"column":4},"end":{"line":65,"column":75}},"42":{"start":{"line":67,"column":4},"end":{"line":67,"column":73}},"43":{"start":{"line":62,"column":0},"end":{"line":62,"column":7}},"44":{"start":{"line":72,"column":2},"end":{"line":77,"column":null}},"45":{"start":{"line":73,"column":19},"end":{"line":73,"column":41}},"46":{"start":{"line":74,"column":4},"end":{"line":74,"column":75}},"47":{"start":{"line":76,"column":4},"end":{"line":76,"column":73}},"48":{"start":{"line":71,"column":0},"end":{"line":71,"column":7}},"49":{"start":{"line":81,"column":2},"end":{"line":87,"column":null}},"50":{"start":{"line":80,"column":0},"end":{"line":80,"column":16}},"51":{"start":{"line":91,"column":2},"end":{"line":91,"column":102}},"52":{"start":{"line":90,"column":0},"end":{"line":90,"column":16}}},"fnMap":{"0":{"name":"(anonymous_0)","decl":{"start":{"line":5,"column":18},"end":{"line":5,"column":23}},"loc":{"start":{"line":5,"column":68},"end":{"line":33,"column":1}}},"1":{"name":"getGameHttpResponse","decl":{"start":{"line":35,"column":22},"end":{"line":35,"column":41}},"loc":{"start":{"line":35,"column":52},"end":{"line":42,"column":1}}},"2":{"name":"listGamesHttpResponse","decl":{"start":{"line":44,"column":22},"end":{"line":44,"column":43}},"loc":{"start":{"line":44,"column":58},"end":{"line":51,"column":1}}},"3":{"name":"createGameHttpResponse","decl":{"start":{"line":53,"column":22},"end":{"line":53,"column":44}},"loc":{"start":{"line":53,"column":55},"end":{"line":60,"column":1}}},"4":{"name":"modifyGameHttpResponse","decl":{"start":{"line":62,"column":22},"end":{"line":62,"column":44}},"loc":{"start":{"line":62,"column":55},"end":{"line":69,"column":1}}},"5":{"name":"deleteGameHttpResponse","decl":{"start":{"line":71,"column":22},"end":{"line":71,"column":44}},"loc":{"start":{"line":71,"column":55},"end":{"line":78,"column":1}}},"6":{"name":"httpResponse","decl":{"start":{"line":80,"column":16},"end":{"line":80,"column":28}},"loc":{"start":{"line":80,"column":48},"end":{"line":88,"column":1}}},"7":{"name":"deserializeGameData","decl":{"start":{"line":90,"column":16},"end":{"line":90,"column":35}},"loc":{"start":{"line":90,"column":70},"end":{"line":92,"column":1}}}},"branchMap":{"0":{"loc":{"start":{"line":7,"column":2},"end":{"line":32,"column":null}},"type":"switch","locations":[{"start":{"line":8,"column":4},"end":{"line":12,"column":12}},{"start":{"line":13,"column":4},"end":{"line":16,"column":12}},{"start":{"line":17,"column":4},"end":{"line":20,"column":12}},{"start":{"line":21,"column":4},"end":{"line":24,"column":12}},{"start":{"line":25,"column":4},"end":{"line":28,"column":12}},{"start":{"line":29,"column":4},"end":{"line":31,"column":12}}]}},"s":{"0":1,"1":1,"2":1,"3":1,"4":0,"5":0,"6":0,"7":0,"8":0,"9":0,"10":0,"11":0,"12":0,"13":0,"14":0,"15":0,"16":0,"17":0,"18":0,"19":0,"20":0,"21":0,"22":0,"23":0,"24":1,"25":1,"26":1,"27":0,"28":1,"29":1,"30":1,"31":1,"32":0,"33":1,"34":2,"35":2,"36":1,"37":1,"38":1,"39":2,"40":2,"41":1,"42":1,"43":1,"44":2,"45":2,"46":1,"47":1,"48":1,"49":16,"50":1,"51":0,"52":1},"f":{"0":0,"1":1,"2":1,"3":2,"4":2,"5":2,"6":16,"7":0},"b":{"0":[0,0,0,0,0,0]}}
}
