{"/home/josh/cdk-test-repo/functions/game.ts": {"path":"/home/josh/cdk-test-repo/functions/game.ts","statementMap":{"0":{"start":{"line":1,"column":12},"end":{"line":1,"column":30}},"1":{"start":{"line":2,"column":15},"end":{"line":2,"column":41}},"2":{"start":{"line":3,"column":15},"end":{"line":10,"column":2}},"3":{"start":{"line":11,"column":18},"end":{"line":11,"column":57}},"4":{"start":{"line":12,"column":14},"end":{"line":12,"column":87}},"5":{"start":{"line":24,"column":7},"end":{"line":28,"column":null}},"6":{"start":{"line":34,"column":19},"end":{"line":44,"column":null}},"7":{"start":{"line":46,"column":6},"end":{"line":52,"column":null}},"8":{"start":{"line":47,"column":23},"end":{"line":47,"column":60}},"9":{"start":{"line":48,"column":19},"end":{"line":48,"column":38}},"10":{"start":{"line":49,"column":8},"end":{"line":49,"column":20}},"11":{"start":{"line":51,"column":8},"end":{"line":51,"column":19}},"12":{"start":{"line":14,"column":0},"end":{"line":14,"column":13}},"13":{"start":{"line":57,"column":15},"end":{"line":62,"column":null}},"14":{"start":{"line":64,"column":2},"end":{"line":69,"column":null}},"15":{"start":{"line":65,"column":19},"end":{"line":65,"column":56}},"16":{"start":{"line":66,"column":4},"end":{"line":66,"column":20}},"17":{"start":{"line":68,"column":4},"end":{"line":68,"column":15}},"18":{"start":{"line":56,"column":1},"end":{"line":56,"column":8}},"19":{"start":{"line":73,"column":15},"end":{"line":76,"column":4}},"20":{"start":{"line":78,"column":2},"end":{"line":83,"column":null}},"21":{"start":{"line":79,"column":20},"end":{"line":79,"column":58}},"22":{"start":{"line":80,"column":5},"end":{"line":80,"column":21}},"23":{"start":{"line":82,"column":5},"end":{"line":82,"column":16}},"24":{"start":{"line":72,"column":0},"end":{"line":72,"column":7}},"25":{"start":{"line":88,"column":35},"end":{"line":88,"column":37}},"26":{"start":{"line":89,"column":33},"end":{"line":89,"column":42}},"27":{"start":{"line":90,"column":34},"end":{"line":90,"column":43}},"28":{"start":{"line":93,"column":2},"end":{"line":99,"column":null}},"29":{"start":{"line":94,"column":4},"end":{"line":98,"column":null}},"30":{"start":{"line":95,"column":6},"end":{"line":95,"column":49}},"31":{"start":{"line":96,"column":6},"end":{"line":96,"column":47}},"32":{"start":{"line":97,"column":6},"end":{"line":97,"column":52}},"33":{"start":{"line":101,"column":15},"end":{"line":111,"column":4}},"34":{"start":{"line":113,"column":2},"end":{"line":118,"column":null}},"35":{"start":{"line":114,"column":19},"end":{"line":114,"column":59}},"36":{"start":{"line":115,"column":4},"end":{"line":115,"column":20}},"37":{"start":{"line":117,"column":4},"end":{"line":117,"column":15}},"38":{"start":{"line":87,"column":0},"end":{"line":87,"column":7}},"39":{"start":{"line":122,"column":15},"end":{"line":128,"column":4}},"40":{"start":{"line":130,"column":2},"end":{"line":135,"column":null}},"41":{"start":{"line":131,"column":19},"end":{"line":131,"column":59}},"42":{"start":{"line":132,"column":4},"end":{"line":132,"column":20}},"43":{"start":{"line":134,"column":4},"end":{"line":134,"column":15}},"44":{"start":{"line":121,"column":0},"end":{"line":121,"column":7}}},"fnMap":{"0":{"name":"(anonymous_0)","decl":{"start":{"line":23,"column":4},"end":{"line":23,"column":16}},"loc":{"start":{"line":23,"column":104},"end":{"line":29,"column":5}}},"1":{"name":"(anonymous_1)","decl":{"start":{"line":33,"column":4},"end":{"line":33,"column":9}},"loc":{"start":{"line":33,"column":20},"end":{"line":53,"column":5}}},"2":{"name":"GetGame","decl":{"start":{"line":56,"column":23},"end":{"line":56,"column":30}},"loc":{"start":{"line":56,"column":41},"end":{"line":70,"column":1}}},"3":{"name":"ListGames","decl":{"start":{"line":72,"column":22},"end":{"line":72,"column":31}},"loc":{"start":{"line":72,"column":31},"end":{"line":84,"column":1}}},"4":{"name":"ModifyGame","decl":{"start":{"line":87,"column":22},"end":{"line":87,"column":32}},"loc":{"start":{"line":87,"column":43},"end":{"line":119,"column":1}}},"5":{"name":"DeleteGame","decl":{"start":{"line":121,"column":22},"end":{"line":121,"column":32}},"loc":{"start":{"line":121,"column":43},"end":{"line":136,"column":1}}}},"branchMap":{"0":{"loc":{"start":{"line":5,"column":6},"end":{"line":9,"column":4}},"type":"binary-expr","locations":[{"start":{"line":5,"column":6},"end":{"line":5,"column":12}},{"start":{"line":5,"column":16},"end":{"line":9,"column":4}}]},"1":{"loc":{"start":{"line":12,"column":14},"end":{"line":12,"column":87}},"type":"cond-expr","locations":[{"start":{"line":12,"column":25},"end":{"line":12,"column":57}},{"start":{"line":12,"column":60},"end":{"line":12,"column":87}}]},"2":{"loc":{"start":{"line":94,"column":4},"end":{"line":98,"column":null}},"type":"if","locations":[{"start":{"line":94,"column":4},"end":{"line":98,"column":null}}]},"3":{"loc":{"start":{"line":94,"column":8},"end":{"line":94,"column":47}},"type":"binary-expr","locations":[{"start":{"line":94,"column":8},"end":{"line":94,"column":25}},{"start":{"line":94,"column":29},"end":{"line":94,"column":47}}]}},"s":{"0":1,"1":1,"2":1,"3":1,"4":1,"5":14,"6":5,"7":5,"8":5,"9":3,"10":3,"11":2,"12":1,"13":6,"14":6,"15":6,"16":6,"17":0,"18":1,"19":2,"20":2,"21":2,"22":2,"23":0,"24":1,"25":3,"26":3,"27":3,"28":3,"29":15,"30":10,"31":10,"32":10,"33":3,"34":3,"35":3,"36":2,"37":1,"38":1,"39":3,"40":3,"41":3,"42":3,"43":0,"44":1},"f":{"0":14,"1":5,"2":6,"3":2,"4":3,"5":3},"b":{"0":[1,1],"1":[1,0],"2":[10],"3":[15,12]}}
,"/home/josh/cdk-test-repo/functions/index.ts": {"path":"/home/josh/cdk-test-repo/functions/index.ts","statementMap":{"0":{"start":{"line":1,"column":12},"end":{"line":1,"column":30}},"1":{"start":{"line":2,"column":0},"end":{"line":2,"column":103}},"2":{"start":{"line":4,"column":0},"end":{"line":29,"column":null}},"3":{"start":{"line":5,"column":2},"end":{"line":28,"column":null}},"4":{"start":{"line":7,"column":24},"end":{"line":7,"column":96}},"5":{"start":{"line":8,"column":6},"end":{"line":8,"column":61}},"6":{"start":{"line":9,"column":6},"end":{"line":9,"column":12}},"7":{"start":{"line":11,"column":6},"end":{"line":11,"column":52}},"8":{"start":{"line":12,"column":6},"end":{"line":12,"column":12}},"9":{"start":{"line":14,"column":27},"end":{"line":14,"column":70}},"10":{"start":{"line":15,"column":6},"end":{"line":15,"column":67}},"11":{"start":{"line":16,"column":6},"end":{"line":16,"column":12}},"12":{"start":{"line":18,"column":27},"end":{"line":18,"column":70}},"13":{"start":{"line":19,"column":6},"end":{"line":19,"column":67}},"14":{"start":{"line":20,"column":6},"end":{"line":20,"column":12}},"15":{"start":{"line":22,"column":27},"end":{"line":22,"column":70}},"16":{"start":{"line":23,"column":6},"end":{"line":23,"column":67}},"17":{"start":{"line":24,"column":6},"end":{"line":24,"column":12}},"18":{"start":{"line":26,"column":6},"end":{"line":26,"column":98}},"19":{"start":{"line":27,"column":6},"end":{"line":27,"column":12}},"20":{"start":{"line":32,"column":17},"end":{"line":32,"column":36}},"21":{"start":{"line":33,"column":2},"end":{"line":39,"column":null}},"22":{"start":{"line":34,"column":4},"end":{"line":34,"column":43}},"23":{"start":{"line":35,"column":9},"end":{"line":39,"column":null}},"24":{"start":{"line":36,"column":4},"end":{"line":36,"column":75}},"25":{"start":{"line":38,"column":4},"end":{"line":38,"column":72}},"26":{"start":{"line":31,"column":0},"end":{"line":31,"column":7}},"27":{"start":{"line":43,"column":17},"end":{"line":43,"column":34}},"28":{"start":{"line":44,"column":2},"end":{"line":50,"column":null}},"29":{"start":{"line":45,"column":4},"end":{"line":45,"column":43}},"30":{"start":{"line":46,"column":9},"end":{"line":50,"column":null}},"31":{"start":{"line":47,"column":4},"end":{"line":47,"column":75}},"32":{"start":{"line":49,"column":4},"end":{"line":49,"column":null}},"33":{"start":{"line":42,"column":0},"end":{"line":42,"column":7}},"34":{"start":{"line":54,"column":17},"end":{"line":54,"column":40}},"35":{"start":{"line":55,"column":2},"end":{"line":61,"column":null}},"36":{"start":{"line":56,"column":4},"end":{"line":56,"column":43}},"37":{"start":{"line":57,"column":9},"end":{"line":61,"column":null}},"38":{"start":{"line":58,"column":4},"end":{"line":58,"column":75}},"39":{"start":{"line":60,"column":4},"end":{"line":60,"column":75}},"40":{"start":{"line":53,"column":0},"end":{"line":53,"column":7}},"41":{"start":{"line":65,"column":17},"end":{"line":65,"column":39}},"42":{"start":{"line":66,"column":2},"end":{"line":70,"column":null}},"43":{"start":{"line":67,"column":4},"end":{"line":67,"column":43}},"44":{"start":{"line":68,"column":9},"end":{"line":70,"column":null}},"45":{"start":{"line":69,"column":4},"end":{"line":69,"column":86}},"46":{"start":{"line":64,"column":0},"end":{"line":64,"column":7}},"47":{"start":{"line":74,"column":17},"end":{"line":74,"column":39}},"48":{"start":{"line":75,"column":2},"end":{"line":81,"column":null}},"49":{"start":{"line":76,"column":4},"end":{"line":76,"column":43}},"50":{"start":{"line":77,"column":9},"end":{"line":81,"column":null}},"51":{"start":{"line":78,"column":4},"end":{"line":78,"column":75}},"52":{"start":{"line":80,"column":4},"end":{"line":80,"column":75}},"53":{"start":{"line":73,"column":0},"end":{"line":73,"column":7}},"54":{"start":{"line":85,"column":2},"end":{"line":91,"column":null}},"55":{"start":{"line":84,"column":0},"end":{"line":84,"column":16}},"56":{"start":{"line":95,"column":2},"end":{"line":95,"column":94}},"57":{"start":{"line":94,"column":0},"end":{"line":94,"column":16}},"58":{"start":{"line":99,"column":2},"end":{"line":104,"column":null}},"59":{"start":{"line":101,"column":8},"end":{"line":101,"column":91}},"60":{"start":{"line":103,"column":8},"end":{"line":103,"column":75}},"61":{"start":{"line":98,"column":0},"end":{"line":98,"column":16}}},"fnMap":{"0":{"name":"(anonymous_0)","decl":{"start":{"line":4,"column":18},"end":{"line":4,"column":23}},"loc":{"start":{"line":4,"column":68},"end":{"line":29,"column":1}}},"1":{"name":"GetGameHttpResponse","decl":{"start":{"line":31,"column":22},"end":{"line":31,"column":41}},"loc":{"start":{"line":31,"column":52},"end":{"line":40,"column":1}}},"2":{"name":"ListGamesHttpResponse","decl":{"start":{"line":42,"column":22},"end":{"line":42,"column":43}},"loc":{"start":{"line":42,"column":43},"end":{"line":51,"column":1}}},"3":{"name":"CreateGameHttpResponse","decl":{"start":{"line":53,"column":22},"end":{"line":53,"column":44}},"loc":{"start":{"line":53,"column":55},"end":{"line":62,"column":1}}},"4":{"name":"ModifyGameHttpResponse","decl":{"start":{"line":64,"column":22},"end":{"line":64,"column":44}},"loc":{"start":{"line":64,"column":55},"end":{"line":71,"column":1}}},"5":{"name":"DeleteGameHttpResponse","decl":{"start":{"line":73,"column":22},"end":{"line":73,"column":44}},"loc":{"start":{"line":73,"column":55},"end":{"line":82,"column":1}}},"6":{"name":"HttpResponse","decl":{"start":{"line":84,"column":16},"end":{"line":84,"column":28}},"loc":{"start":{"line":84,"column":48},"end":{"line":92,"column":1}}},"7":{"name":"DeserializeGameData","decl":{"start":{"line":94,"column":16},"end":{"line":94,"column":35}},"loc":{"start":{"line":94,"column":55},"end":{"line":96,"column":1}}},"8":{"name":"ParseDynamoError","decl":{"start":{"line":98,"column":16},"end":{"line":98,"column":32}},"loc":{"start":{"line":98,"column":46},"end":{"line":105,"column":1}}}},"branchMap":{"0":{"loc":{"start":{"line":5,"column":2},"end":{"line":28,"column":null}},"type":"switch","locations":[{"start":{"line":6,"column":4},"end":{"line":9,"column":12}},{"start":{"line":10,"column":4},"end":{"line":12,"column":12}},{"start":{"line":13,"column":4},"end":{"line":16,"column":12}},{"start":{"line":17,"column":4},"end":{"line":20,"column":12}},{"start":{"line":21,"column":4},"end":{"line":24,"column":12}},{"start":{"line":25,"column":4},"end":{"line":27,"column":12}}]},"1":{"loc":{"start":{"line":33,"column":2},"end":{"line":39,"column":null}},"type":"if","locations":[{"start":{"line":33,"column":2},"end":{"line":39,"column":null}},{"start":{"line":35,"column":9},"end":{"line":39,"column":null}}]},"2":{"loc":{"start":{"line":35,"column":9},"end":{"line":39,"column":null}},"type":"if","locations":[{"start":{"line":35,"column":9},"end":{"line":39,"column":null}},{"start":{"line":37,"column":9},"end":{"line":39,"column":null}}]},"3":{"loc":{"start":{"line":44,"column":2},"end":{"line":50,"column":null}},"type":"if","locations":[{"start":{"line":44,"column":2},"end":{"line":50,"column":null}},{"start":{"line":46,"column":9},"end":{"line":50,"column":null}}]},"4":{"loc":{"start":{"line":46,"column":9},"end":{"line":50,"column":null}},"type":"if","locations":[{"start":{"line":46,"column":9},"end":{"line":50,"column":null}},{"start":{"line":48,"column":9},"end":{"line":50,"column":null}}]},"5":{"loc":{"start":{"line":55,"column":2},"end":{"line":61,"column":null}},"type":"if","locations":[{"start":{"line":55,"column":2},"end":{"line":61,"column":null}},{"start":{"line":57,"column":9},"end":{"line":61,"column":null}}]},"6":{"loc":{"start":{"line":57,"column":9},"end":{"line":61,"column":null}},"type":"if","locations":[{"start":{"line":57,"column":9},"end":{"line":61,"column":null}},{"start":{"line":59,"column":9},"end":{"line":61,"column":null}}]},"7":{"loc":{"start":{"line":66,"column":2},"end":{"line":70,"column":null}},"type":"if","locations":[{"start":{"line":66,"column":2},"end":{"line":70,"column":null}},{"start":{"line":68,"column":9},"end":{"line":70,"column":null}}]},"8":{"loc":{"start":{"line":68,"column":9},"end":{"line":70,"column":null}},"type":"if","locations":[{"start":{"line":68,"column":9},"end":{"line":70,"column":null}}]},"9":{"loc":{"start":{"line":75,"column":2},"end":{"line":81,"column":null}},"type":"if","locations":[{"start":{"line":75,"column":2},"end":{"line":81,"column":null}},{"start":{"line":77,"column":9},"end":{"line":81,"column":null}}]},"10":{"loc":{"start":{"line":77,"column":9},"end":{"line":81,"column":null}},"type":"if","locations":[{"start":{"line":77,"column":9},"end":{"line":81,"column":null}},{"start":{"line":79,"column":9},"end":{"line":81,"column":null}}]},"11":{"loc":{"start":{"line":99,"column":2},"end":{"line":104,"column":null}},"type":"switch","locations":[{"start":{"line":100,"column":4},"end":{"line":101,"column":91}},{"start":{"line":102,"column":4},"end":{"line":103,"column":75}}]}},"s":{"0":1,"1":1,"2":1,"3":0,"4":0,"5":0,"6":0,"7":0,"8":0,"9":0,"10":0,"11":0,"12":0,"13":0,"14":0,"15":0,"16":0,"17":0,"18":0,"19":0,"20":2,"21":2,"22":0,"23":2,"24":1,"25":1,"26":1,"27":1,"28":1,"29":0,"30":1,"31":1,"32":0,"33":1,"34":2,"35":2,"36":1,"37":1,"38":1,"39":0,"40":1,"41":2,"42":2,"43":1,"44":1,"45":1,"46":1,"47":2,"48":2,"49":0,"50":2,"51":1,"52":1,"53":1,"54":13,"55":1,"56":3,"57":1,"58":4,"59":3,"60":1,"61":1},"f":{"0":0,"1":2,"2":1,"3":2,"4":2,"5":2,"6":13,"7":3,"8":4},"b":{"0":[0,0,0,0,0,0],"1":[0,2],"2":[1,1],"3":[0,1],"4":[1,0],"5":[1,1],"6":[1,0],"7":[1,1],"8":[1],"9":[0,2],"10":[1,1],"11":[3,1]}}
}
