TN:
SF:functions\collection.ts
FN:24,(anonymous_0)
FN:31,(anonymous_1)
FN:52,(anonymous_2)
FN:54,(anonymous_3)
FN:62,(anonymous_4)
FN:70,(anonymous_5)
FN:74,(anonymous_6)
FNF:7
FNH:7
FNDA:14,(anonymous_0)
FNDA:4,(anonymous_1)
FNDA:8,(anonymous_2)
FNDA:5,(anonymous_3)
FNDA:5,(anonymous_4)
FNDA:2,(anonymous_5)
FNDA:3,(anonymous_6)
DA:1,2
DA:2,2
DA:3,2
DA:11,2
DA:12,2
DA:15,2
DA:16,2
DA:18,2
DA:25,14
DA:28,14
DA:32,4
DA:43,4
DA:44,4
DA:45,4
DA:46,4
DA:48,0
DA:53,8
DA:54,8
DA:55,5
DA:56,3
DA:59,8
DA:63,5
DA:64,0
DA:65,5
DA:66,4
DA:67,5
DA:71,2
DA:72,0
DA:74,2
DA:75,3
DA:76,2
DA:77,2
DA:78,1
LF:33
LH:30
BRDA:5,0,0,2
BRDA:5,0,1,2
BRDA:12,1,0,2
BRDA:12,1,1,0
BRDA:54,2,0,4
BRDA:54,2,1,4
BRDA:54,3,0,8
BRDA:54,3,1,8
BRDA:55,4,0,3
BRDA:63,5,0,0
BRDA:65,6,0,4
BRDA:71,7,0,0
BRDA:74,8,0,0
BRDA:74,8,1,2
BRDA:74,9,0,2
BRDA:74,9,1,2
BRDA:75,10,0,2
BRDA:76,11,0,0
BRDA:76,11,1,2
BRDA:76,12,0,2
BRDA:76,12,1,2
BRDA:77,13,0,1
BRDA:78,14,0,0
BRDA:78,14,1,1
BRDA:78,15,0,1
BRDA:78,15,1,1
BRF:26
BRH:20
end_of_record
TN:
SF:functions\collectionErrorHandler.ts
FN:5,(anonymous_0)
FNF:1
FNH:1
FNDA:1,(anonymous_0)
DA:1,2
DA:6,1
DA:7,1
DA:8,1
LF:4
LH:4
BRF:0
BRH:0
end_of_record
TN:
SF:functions\collectionManager.ts
FN:17,getCollection
FN:43,addGameToCollection
FN:78,removeGameFromCollection
FN:118,serializeDynamoCollectionResponse
FNF:4
FNH:4
FNDA:7,getCollection
FNDA:1,addGameToCollection
FNDA:1,removeGameFromCollection
FNDA:7,serializeDynamoCollectionResponse
DA:1,2
DA:2,2
DA:3,2
DA:11,2
DA:12,2
DA:14,2
DA:15,2
DA:17,2
DA:18,7
DA:19,7
DA:29,7
DA:30,7
DA:31,7
DA:32,7
DA:36,0
DA:37,0
DA:39,0
DA:43,2
DA:44,1
DA:45,1
DA:46,1
DA:64,1
DA:65,1
DA:66,1
DA:67,1
DA:69,0
DA:71,0
DA:72,0
DA:74,0
DA:78,2
DA:79,1
DA:80,1
DA:98,1
DA:99,1
DA:100,1
DA:101,1
DA:103,0
DA:105,0
DA:106,0
DA:108,0
DA:118,2
DA:119,7
DA:120,7
LF:43
LH:32
BRDA:5,0,0,2
BRDA:5,0,1,2
BRDA:12,1,0,2
BRDA:12,1,1,0
BRDA:36,2,0,0
BRDA:71,3,0,0
BRDA:105,4,0,0
BRDA:119,5,0,0
BRDA:119,5,1,7
BRDA:119,6,0,7
BRDA:119,6,1,7
BRF:11
BRH:6
end_of_record
TN:
SF:functions\game.ts
FN:27,(anonymous_0)
FN:37,(anonymous_1)
FNF:2
FNH:2
FNDA:34,(anonymous_0)
FNDA:4,(anonymous_1)
DA:1,2
DA:2,2
DA:3,2
DA:11,2
DA:12,2
DA:13,2
DA:14,2
DA:16,2
DA:28,34
DA:38,4
DA:52,4
DA:53,4
DA:54,3
DA:55,3
DA:57,1
LF:15
LH:15
BRDA:5,0,0,2
BRDA:5,0,1,2
BRDA:12,1,0,2
BRDA:12,1,1,0
BRF:4
BRH:3
end_of_record
TN:
SF:functions\gameErrorHandler.ts
FN:5,(anonymous_0)
FNF:1
FNH:1
FNDA:4,(anonymous_0)
DA:1,2
DA:6,4
DA:7,4
DA:8,4
LF:4
LH:4
BRF:0
BRH:0
end_of_record
TN:
SF:functions\gameManager.ts
FN:16,getGame
FN:40,listGames
FN:56,(anonymous_2)
FN:65,modifyGame
FN:105,deleteGame
FN:151,serializeDynamoResponse
FNF:6
FNH:6
FNDA:7,getGame
FNDA:1,listGames
FNDA:2,(anonymous_2)
FNDA:3,modifyGame
FNDA:3,deleteGame
FNDA:12,serializeDynamoResponse
DA:1,2
DA:2,2
DA:3,2
DA:11,2
DA:12,2
DA:13,2
DA:14,2
DA:16,2
DA:17,7
DA:26,7
DA:27,7
DA:28,7
DA:29,7
DA:33,0
DA:34,0
DA:36,0
DA:40,2
DA:41,1
DA:53,1
DA:54,1
DA:55,1
DA:56,1
DA:57,2
DA:58,2
DA:60,1
DA:62,0
DA:65,2
DA:66,3
DA:67,3
DA:68,3
DA:71,3
DA:72,21
DA:73,12
DA:74,12
DA:75,12
DA:79,3
DA:93,3
DA:94,3
DA:95,2
DA:96,2
DA:98,1
DA:99,1
DA:101,0
DA:105,2
DA:106,3
DA:117,3
DA:118,3
DA:119,2
DA:120,2
DA:122,1
DA:123,1
DA:125,0
DA:151,2
DA:152,12
DA:153,12
LF:55
LH:49
BRDA:5,0,0,2
BRDA:5,0,1,2
BRDA:12,1,0,2
BRDA:12,1,1,0
BRDA:33,2,0,0
BRDA:72,3,0,12
BRDA:72,4,0,21
BRDA:72,4,1,18
BRDA:72,4,2,15
BRDA:72,4,3,12
BRDA:98,5,0,1
BRDA:122,6,0,1
BRDA:152,7,0,0
BRDA:152,7,1,12
BRDA:152,8,0,12
BRDA:152,8,1,12
BRDA:152,9,0,0
BRDA:152,9,1,12
BRDA:152,10,0,12
BRDA:152,10,1,12
BRDA:152,11,0,0
BRDA:152,11,1,12
BRDA:152,12,0,12
BRDA:152,12,1,12
BRDA:152,13,0,0
BRDA:152,13,1,12
BRDA:152,14,0,12
BRDA:152,14,1,12
BRF:28
BRH:22
end_of_record
TN:
SF:functions\index.ts
FN:7,(anonymous_0)
FN:52,getGameHttpResponse
FN:61,listGamesHttpResponse
FN:70,createGameHttpResponse
FN:79,modifyGameHttpResponse
FN:88,deleteGameHttpResponse
FN:97,createWishlistHttpResponse
FN:107,getWishlistHttpResponse
FN:115,addGameToWishlist
FN:125,removeGameFromWishlist
FN:135,httpResponse
FN:145,deserializeGameData
FN:149,deserializeCollectionData
FNF:13
FNH:6
FNDA:0,(anonymous_0)
FNDA:1,getGameHttpResponse
FNDA:1,listGamesHttpResponse
FNDA:2,createGameHttpResponse
FNDA:2,modifyGameHttpResponse
FNDA:2,deleteGameHttpResponse
FNDA:0,createWishlistHttpResponse
FNDA:0,getWishlistHttpResponse
FNDA:0,addGameToWishlist
FNDA:0,removeGameFromWishlist
FNDA:16,httpResponse
FNDA:0,deserializeGameData
FNDA:0,deserializeCollectionData
DA:1,1
DA:2,1
DA:3,1
DA:4,1
DA:5,1
DA:7,1
DA:8,0
DA:9,0
DA:11,0
DA:12,0
DA:13,0
DA:14,0
DA:16,0
DA:17,0
DA:18,0
DA:20,0
DA:21,0
DA:22,0
DA:24,0
DA:25,0
DA:26,0
DA:28,0
DA:29,0
DA:30,0
DA:32,0
DA:33,0
DA:35,0
DA:36,0
DA:38,0
DA:39,0
DA:40,0
DA:42,0
DA:43,0
DA:44,0
DA:46,0
DA:47,0
DA:53,1
DA:54,1
DA:55,1
DA:57,0
DA:60,1
DA:62,1
DA:63,1
DA:64,1
DA:66,0
DA:69,1
DA:71,2
DA:72,2
DA:73,1
DA:75,1
DA:78,1
DA:80,2
DA:81,2
DA:82,1
DA:84,1
DA:87,1
DA:89,2
DA:90,2
DA:91,1
DA:93,1
DA:96,1
DA:98,0
DA:99,0
DA:100,0
DA:101,0
DA:103,0
DA:106,1
DA:108,0
DA:109,0
DA:110,0
DA:112,0
DA:114,1
DA:116,0
DA:117,0
DA:118,0
DA:119,0
DA:121,0
DA:124,1
DA:126,0
DA:127,0
DA:128,0
DA:129,0
DA:131,0
DA:134,1
DA:136,16
DA:144,1
DA:146,0
DA:148,1
DA:150,0
LF:89
LH:36
BRDA:9,0,0,0
BRDA:9,0,1,0
BRDA:9,0,2,0
BRDA:9,0,3,0
BRDA:9,0,4,0
BRDA:9,0,5,0
BRDA:9,0,6,0
BRDA:9,0,7,0
BRDA:9,0,8,0
BRDA:9,0,9,0
BRDA:146,1,0,0
BRDA:146,1,1,0
BRF:12
BRH:0
end_of_record
