TN:
SF:functions/game.ts
FN:23,(anonymous_0)
FN:33,(anonymous_1)
FN:56,GetGame
FN:72,ListGames
FN:87,ModifyGame
FN:121,DeleteGame
FNF:6
FNH:6
FNDA:14,(anonymous_0)
FNDA:5,(anonymous_1)
FNDA:6,GetGame
FNDA:2,ListGames
FNDA:3,ModifyGame
FNDA:3,DeleteGame
DA:1,1
DA:2,1
DA:3,1
DA:11,1
DA:12,1
DA:14,1
DA:24,14
DA:34,5
DA:46,5
DA:47,5
DA:48,3
DA:49,3
DA:51,2
DA:56,1
DA:57,6
DA:64,6
DA:65,6
DA:66,6
DA:68,0
DA:72,1
DA:73,2
DA:78,2
DA:79,2
DA:80,2
DA:82,0
DA:87,1
DA:88,3
DA:89,3
DA:90,3
DA:93,3
DA:94,15
DA:95,10
DA:96,10
DA:97,10
DA:101,3
DA:113,3
DA:114,3
DA:115,2
DA:117,1
DA:121,1
DA:122,3
DA:130,3
DA:131,3
DA:132,3
DA:134,0
LF:45
LH:42
BRDA:5,0,0,1
BRDA:5,0,1,1
BRDA:12,1,0,1
BRDA:12,1,1,0
BRDA:94,2,0,10
BRDA:94,3,0,15
BRDA:94,3,1,12
BRF:7
BRH:6
end_of_record
TN:
SF:functions/index.ts
FN:4,(anonymous_0)
FN:31,GetGameHttpResponse
FN:42,ListGamesHttpResponse
FN:53,CreateGameHttpResponse
FN:64,ModifyGameHttpResponse
FN:73,DeleteGameHttpResponse
FN:84,HttpResponse
FN:94,DeserializeGameData
FN:98,ParseDynamoError
FNF:9
FNH:8
FNDA:0,(anonymous_0)
FNDA:2,GetGameHttpResponse
FNDA:1,ListGamesHttpResponse
FNDA:2,CreateGameHttpResponse
FNDA:2,ModifyGameHttpResponse
FNDA:2,DeleteGameHttpResponse
FNDA:13,HttpResponse
FNDA:3,DeserializeGameData
FNDA:4,ParseDynamoError
DA:1,1
DA:2,1
DA:4,1
DA:5,0
DA:7,0
DA:8,0
DA:9,0
DA:11,0
DA:12,0
DA:14,0
DA:15,0
DA:16,0
DA:18,0
DA:19,0
DA:20,0
DA:22,0
DA:23,0
DA:24,0
DA:26,0
DA:27,0
DA:31,1
DA:32,2
DA:33,2
DA:34,0
DA:35,2
DA:36,1
DA:38,1
DA:42,1
DA:43,1
DA:44,1
DA:45,0
DA:46,1
DA:47,1
DA:49,0
DA:53,1
DA:54,2
DA:55,2
DA:56,1
DA:57,1
DA:58,1
DA:60,0
DA:64,1
DA:65,2
DA:66,2
DA:67,1
DA:68,1
DA:69,1
DA:73,1
DA:74,2
DA:75,2
DA:76,0
DA:77,2
DA:78,1
DA:80,1
DA:84,1
DA:85,13
DA:94,1
DA:95,3
DA:98,1
DA:99,4
DA:101,3
DA:103,1
LF:62
LH:40
BRDA:5,0,0,0
BRDA:5,0,1,0
BRDA:5,0,2,0
BRDA:5,0,3,0
BRDA:5,0,4,0
BRDA:5,0,5,0
BRDA:33,1,0,0
BRDA:33,1,1,2
BRDA:35,2,0,1
BRDA:35,2,1,1
BRDA:44,3,0,0
BRDA:44,3,1,1
BRDA:46,4,0,1
BRDA:46,4,1,0
BRDA:55,5,0,1
BRDA:55,5,1,1
BRDA:57,6,0,1
BRDA:57,6,1,0
BRDA:66,7,0,1
BRDA:66,7,1,1
BRDA:68,8,0,1
BRDA:75,9,0,0
BRDA:75,9,1,2
BRDA:77,10,0,1
BRDA:77,10,1,1
BRDA:99,11,0,3
BRDA:99,11,1,1
BRF:27
BRH:16
end_of_record
